Build started 2016/3/17 17:25:25.
     1>Project "E:\Work\Learn\kinect\L1\MyKinect\MyKinect.vcxproj" on node 2 (build target(s)).
     1>InitializeBuildStatus:
         Touching "x64\Debug\MyKinect.unsuccessfulbuild".
       ClCompile:
         All outputs are up-to-date.
         E:\Visual Studio\VC\bin\x86_amd64\CL.exe /c /Zi /nologo /W3 /WX- /Od /D WIN32 /D _WINDOWS /D _DEBUG /D _UNICODE /D UNICODE /D _AFXDLL /Gm /EHsc /RTC1 /MDd /GS /fp:precise /Zc:wchar_t /Zc:forScope /Yu"StdAfx.h" /Fp"x64\Debug\MyKinect.pch" /Fo"x64\Debug\\" /Fd"x64\Debug\vc100.pdb" /Gd /TP /errorReport:prompt Render.cpp
         Render.cpp
       ResourceCompile:
         All outputs are up-to-date.
       ManifestResourceCompile:
         All outputs are up-to-date.
       Link:
         E:\Visual Studio\VC\bin\x86_amd64\link.exe /ERRORREPORT:PROMPT /OUT:"E:\Work\Learn\kinect\L1\x64\Debug\MyKinect.exe" /INCREMENTAL /NOLOGO Kinect10.lib /MANIFEST /ManifestFile:"x64\Debug\MyKinect.exe.intermediate.manifest" /MANIFESTUAC:"level='asInvoker' uiAccess='false'" /DEBUG /PDB:"E:\Work\Learn\kinect\L1\x64\Debug\MyKinect.pdb" /SUBSYSTEM:WINDOWS /TLBID:1 /ENTRY:"wWinMainCRTStartup" /DYNAMICBASE /NXCOMPAT /IMPLIB:"E:\Work\Learn\kinect\L1\x64\Debug\MyKinect.lib" /MACHINE:X64 x64\Debug\MyKinect.res
         x64\Debug\MyKinect.exe.embed.manifest.res
         x64\Debug\Camera.obj
         x64\Debug\MyKinect.obj
         x64\Debug\MyKinectDlg.obj
         x64\Debug\Render.obj
         x64\Debug\stdafx.obj
         MyKinect.vcxproj -> E:\Work\Learn\kinect\L1\x64\Debug\MyKinect.exe
       Manifest:
         C:\Program Files (x86)\Microsoft SDKs\Windows\v7.0A\bin\mt.exe /nologo /verbose /out:"x64\Debug\MyKinect.exe.embed.manifest" /manifest x64\Debug\MyKinect.exe.intermediate.manifest "E:\Visual Studio\VC\Include\Manifest\dpiaware.manifest"
         All outputs are up-to-date.
       LinkEmbedManifest:
         All outputs are up-to-date.
         MyKinect.vcxproj -> E:\Work\Learn\kinect\L1\x64\Debug\MyKinect.exe
       FinalizeBuildStatus:
         Deleting file "x64\Debug\MyKinect.unsuccessfulbuild".
         Touching "x64\Debug\MyKinect.lastbuildstate".
     1>Done Building Project "E:\Work\Learn\kinect\L1\MyKinect\MyKinect.vcxproj" (build target(s)).

Build succeeded.

Time Elapsed 00:00:01.28
