E:\WORK\LEARN\KINECT\L1\MYKINECT\X64\DEBUG\CAMERA.OBJ
E:\Work\Learn\kinect\L1\MyKinect\x64\Debug\cl.command.1.tlog
E:\Work\Learn\kinect\L1\MyKinect\x64\Debug\CL.read.1.tlog
E:\Work\Learn\kinect\L1\MyKinect\x64\Debug\CL.write.1.tlog
E:\Work\Learn\kinect\L1\MyKinect\x64\Debug\link.36012.read.1.tlog
E:\Work\Learn\kinect\L1\MyKinect\x64\Debug\link.36012.write.1.tlog
E:\Work\Learn\kinect\L1\MyKinect\x64\Debug\link.36012-cvtres.read.1.tlog
E:\Work\Learn\kinect\L1\MyKinect\x64\Debug\link.36012-cvtres.write.1.tlog
E:\Work\Learn\kinect\L1\MyKinect\x64\Debug\link.49644.read.1.tlog
E:\Work\Learn\kinect\L1\MyKinect\x64\Debug\link.49644.write.1.tlog
E:\Work\Learn\kinect\L1\MyKinect\x64\Debug\link.49644-cvtres.read.1.tlog
E:\Work\Learn\kinect\L1\MyKinect\x64\Debug\link.49644-cvtres.write.1.tlog
E:\Work\Learn\kinect\L1\MyKinect\x64\Debug\link.command.1.tlog
E:\Work\Learn\kinect\L1\MyKinect\x64\Debug\link.read.1.tlog
E:\Work\Learn\kinect\L1\MyKinect\x64\Debug\link.write.1.tlog
E:\Work\Learn\kinect\L1\MyKinect\x64\Debug\link-cvtres.read.1.tlog
E:\Work\Learn\kinect\L1\MyKinect\x64\Debug\link-cvtres.write.1.tlog
E:\Work\Learn\kinect\L1\MyKinect\x64\Debug\mt.command.1.tlog
E:\Work\Learn\kinect\L1\MyKinect\x64\Debug\mt.read.1.tlog
E:\Work\Learn\kinect\L1\MyKinect\x64\Debug\mt.write.1.tlog
E:\WORK\LEARN\KINECT\L1\MYKINECT\X64\DEBUG\MYKINECT.EXE.EMBED.MANIFEST
E:\WORK\LEARN\KINECT\L1\MYKINECT\X64\DEBUG\MYKINECT.EXE.EMBED.MANIFEST.RES
E:\WORK\LEARN\KINECT\L1\MYKINECT\X64\DEBUG\MYKINECT.EXE.INTERMEDIATE.MANIFEST
E:\WORK\LEARN\KINECT\L1\MYKINECT\X64\DEBUG\MYKINECT.OBJ
E:\WORK\LEARN\KINECT\L1\MYKINECT\X64\DEBUG\MYKINECT.PCH
E:\WORK\LEARN\KINECT\L1\MYKINECT\X64\DEBUG\MYKINECT.RES
E:\Work\Learn\kinect\L1\MyKinect\x64\Debug\MyKinect.vcxprojResolveAssemblyReference.cache
E:\Work\Learn\kinect\L1\MyKinect\x64\Debug\MyKinect.write.1.tlog
E:\Work\Learn\kinect\L1\MyKinect\x64\Debug\MyKinect_manifest.rc
E:\WORK\LEARN\KINECT\L1\MYKINECT\X64\DEBUG\MYKINECTDLG.OBJ
E:\Work\Learn\kinect\L1\MyKinect\x64\Debug\rc.command.1.tlog
E:\Work\Learn\kinect\L1\MyKinect\x64\Debug\rc.read.1.tlog
E:\Work\Learn\kinect\L1\MyKinect\x64\Debug\rc.write.1.tlog
E:\WORK\LEARN\KINECT\L1\MYKINECT\X64\DEBUG\RENDER.OBJ
E:\WORK\LEARN\KINECT\L1\MYKINECT\X64\DEBUG\STDAFX.OBJ
E:\Work\Learn\kinect\L1\MyKinect\x64\Debug\vc100.idb
E:\WORK\LEARN\KINECT\L1\MYKINECT\X64\DEBUG\VC100.PDB
E:\WORK\LEARN\KINECT\L1\X64\DEBUG\MYKINECT.EXE
E:\WORK\LEARN\KINECT\L1\X64\DEBUG\MYKINECT.ILK
E:\WORK\LEARN\KINECT\L1\X64\DEBUG\MYKINECT.PDB
